<?xml version="1.0" encoding="UTF-8"?>
<!-- Generated by org.testng.reporters.JUnitXMLReporter -->
<testsuite hostname="krawlnetpc-Vostro-3800" name="Registration" tests="3" failures="2" timestamp="16 Aug 2017 10:08:07 GMT" time="84.792" errors="0">
  <testcase name="testlogin" time="9.303" classname="testScript.TC001_testLogin"/>
  <testcase name="testregistrationWithData" time="34.126" classname="testScript.TC002_testRegistration">
    <failure type="java.lang.AssertionError" message="Rgesitration test is fail expected [true] but found [false]">
      <![CDATA[java.lang.AssertionError: Rgesitration test is fail expected [true] but found [false]
	at testScript.TC002_testRegistration.testregistrationWithData(TC002_testRegistration.java:43)
... Removed 27 stack frames]]>
    </failure>
  </testcase> <!-- testregistrationWithData -->
  <testcase name="testregistrationWithData" time="34.255" classname="testScript.TC002_testRegistration">
    <failure type="java.lang.NullPointerException">
      <![CDATA[java.lang.NullPointerException
	at customelistener.listener.onTestFailure(listener.java:33)
... Removed 21 stack frames]]>
    </failure>
  </testcase> <!-- testregistrationWithData -->
</testsuite> <!-- Registration -->
